{"./src/amd.js":{"path":"./src/amd.js","s":{"1":1,"2":1,"3":0,"4":0,"5":0,"6":1,"7":0,"8":0,"9":0},"b":{"1":[0,1],"2":[0,1],"3":[1,0]},"f":{"1":1,"2":0},"fnMap":{"1":{"name":"(anonymous_1)","line":1,"loc":{"start":{"line":1,"column":1},"end":{"line":1,"column":26}}},"2":{"name":"(anonymous_2)","line":14,"loc":{"start":{"line":14,"column":8},"end":{"line":14,"column":31}}}},"statementMap":{"1":{"start":{"line":1,"column":0},"end":{"line":20,"column":4}},"2":{"start":{"line":2,"column":2},"end":{"line":13,"column":3}},"3":{"start":{"line":4,"column":4},"end":{"line":4,"column":43}},"4":{"start":{"line":5,"column":4},"end":{"line":5,"column":39}},"5":{"start":{"line":7,"column":4},"end":{"line":7,"column":51}},"6":{"start":{"line":9,"column":9},"end":{"line":13,"column":3}},"7":{"start":{"line":11,"column":4},"end":{"line":11,"column":48}},"8":{"start":{"line":15,"column":2},"end":{"line":15,"column":18}},"9":{"start":{"line":18,"column":2},"end":{"line":18,"column":37}}},"branchMap":{"1":{"line":2,"type":"if","locations":[{"start":{"line":2,"column":2},"end":{"line":2,"column":2}},{"start":{"line":2,"column":2},"end":{"line":2,"column":2}}]},"2":{"line":9,"type":"if","locations":[{"start":{"line":9,"column":9},"end":{"line":9,"column":9}},{"start":{"line":9,"column":9},"end":{"line":9,"column":9}}]},"3":{"line":9,"type":"binary-expr","locations":[{"start":{"line":9,"column":13},"end":{"line":9,"column":41}},{"start":{"line":9,"column":45},"end":{"line":9,"column":55}}]}}},"./src/childviewcontainer.js":{"path":"./src/childviewcontainer.js","s":{"1":1,"2":1,"3":21,"4":21,"5":21,"6":21,"7":21,"8":21,"9":1,"10":28,"11":28,"12":28,"13":8,"14":28,"15":8,"16":28,"17":6,"18":28,"19":4,"20":4,"21":4,"22":4,"23":2,"24":2,"25":3,"26":14,"27":5,"28":5,"29":5,"30":5,"31":5,"32":5,"33":5,"34":5,"35":5,"36":5,"37":5,"38":5,"39":5,"40":5,"41":5,"42":3,"43":3,"44":5,"45":5,"46":5,"47":10,"48":9,"49":54,"50":21,"51":20,"52":1,"53":1,"54":3,"55":3,"56":1,"57":1,"58":23,"59":2,"60":2,"61":2,"62":1},"b":{"1":[8,20],"2":[8,20],"3":[6,22],"4":[5,0],"5":[5,0],"6":[5,0],"7":[5,0],"8":[5,0],"9":[5,0],"10":[9,1],"11":[20,1]},"f":{"1":1,"2":21,"3":28,"4":4,"5":4,"6":2,"7":3,"8":14,"9":5,"10":3,"11":5,"12":10,"13":54,"14":21,"15":23,"16":2},"fnMap":{"1":{"name":"(anonymous_1)","line":7,"loc":{"start":{"line":7,"column":31},"end":{"line":7,"column":52}}},"2":{"name":"(anonymous_2)","line":12,"loc":{"start":{"line":12,"column":18},"end":{"line":12,"column":40}}},"3":{"name":"(anonymous_3)","line":31,"loc":{"start":{"line":31,"column":9},"end":{"line":31,"column":36}}},"4":{"name":"(anonymous_4)","line":58,"loc":{"start":{"line":58,"column":17},"end":{"line":58,"column":32}}},"5":{"name":"(anonymous_5)","line":66,"loc":{"start":{"line":66,"column":22},"end":{"line":66,"column":35}}},"6":{"name":"(anonymous_6)","line":72,"loc":{"start":{"line":72,"column":18},"end":{"line":72,"column":33}}},"7":{"name":"(anonymous_7)","line":79,"loc":{"start":{"line":79,"column":17},"end":{"line":79,"column":32}}},"8":{"name":"(anonymous_8)","line":84,"loc":{"start":{"line":84,"column":15},"end":{"line":84,"column":28}}},"9":{"name":"(anonymous_9)","line":89,"loc":{"start":{"line":89,"column":12},"end":{"line":89,"column":26}}},"10":{"name":"(anonymous_10)","line":128,"loc":{"start":{"line":128,"column":10},"end":{"line":128,"column":32}}},"11":{"name":"(anonymous_11)","line":136,"loc":{"start":{"line":136,"column":11},"end":{"line":136,"column":33}}},"12":{"name":"(anonymous_12)","line":142,"loc":{"start":{"line":142,"column":26},"end":{"line":142,"column":45}}},"13":{"name":"(anonymous_13)","line":151,"loc":{"start":{"line":151,"column":19},"end":{"line":151,"column":29}}},"14":{"name":"(anonymous_14)","line":156,"loc":{"start":{"line":156,"column":22},"end":{"line":156,"column":37}}},"15":{"name":"(anonymous_15)","line":179,"loc":{"start":{"line":179,"column":18},"end":{"line":179,"column":35}}},"16":{"name":"(anonymous_16)","line":180,"loc":{"start":{"line":180,"column":34},"end":{"line":180,"column":45}}}},"statementMap":{"1":{"start":{"line":7,"column":0},"end":{"line":189,"column":16}},"2":{"start":{"line":12,"column":2},"end":{"line":20,"column":4}},"3":{"start":{"line":13,"column":4},"end":{"line":13,"column":21}},"4":{"start":{"line":14,"column":4},"end":{"line":14,"column":28}},"5":{"start":{"line":15,"column":4},"end":{"line":15,"column":33}},"6":{"start":{"line":16,"column":4},"end":{"line":16,"column":29}},"7":{"start":{"line":17,"column":4},"end":{"line":17,"column":25}},"8":{"start":{"line":19,"column":4},"end":{"line":19,"column":40}},"9":{"start":{"line":25,"column":2},"end":{"line":167,"column":5}},"10":{"start":{"line":32,"column":6},"end":{"line":32,"column":29}},"11":{"start":{"line":35,"column":6},"end":{"line":35,"column":34}},"12":{"start":{"line":38,"column":6},"end":{"line":40,"column":7}},"13":{"start":{"line":39,"column":8},"end":{"line":39,"column":53}},"14":{"start":{"line":43,"column":6},"end":{"line":45,"column":7}},"15":{"start":{"line":44,"column":8},"end":{"line":44,"column":63}},"16":{"start":{"line":48,"column":6},"end":{"line":50,"column":7}},"17":{"start":{"line":49,"column":8},"end":{"line":49,"column":51}},"18":{"start":{"line":52,"column":6},"end":{"line":52,"column":27}},"19":{"start":{"line":59,"column":6},"end":{"line":59,"column":50}},"20":{"start":{"line":60,"column":6},"end":{"line":60,"column":37}},"21":{"start":{"line":67,"column":6},"end":{"line":67,"column":53}},"22":{"start":{"line":68,"column":6},"end":{"line":68,"column":37}},"23":{"start":{"line":73,"column":6},"end":{"line":73,"column":47}},"24":{"start":{"line":74,"column":6},"end":{"line":74,"column":37}},"25":{"start":{"line":80,"column":6},"end":{"line":80,"column":42}},"26":{"start":{"line":85,"column":6},"end":{"line":85,"column":30}},"27":{"start":{"line":90,"column":6},"end":{"line":90,"column":29}},"28":{"start":{"line":93,"column":6},"end":{"line":95,"column":7}},"29":{"start":{"line":94,"column":8},"end":{"line":94,"column":50}},"30":{"start":{"line":98,"column":6},"end":{"line":100,"column":7}},"31":{"start":{"line":99,"column":8},"end":{"line":99,"column":60}},"32":{"start":{"line":103,"column":6},"end":{"line":103,"column":15}},"33":{"start":{"line":105,"column":6},"end":{"line":112,"column":7}},"34":{"start":{"line":106,"column":8},"end":{"line":111,"column":9}},"35":{"start":{"line":107,"column":10},"end":{"line":110,"column":11}},"36":{"start":{"line":108,"column":12},"end":{"line":108,"column":23}},"37":{"start":{"line":109,"column":12},"end":{"line":109,"column":18}},"38":{"start":{"line":114,"column":6},"end":{"line":116,"column":7}},"39":{"start":{"line":115,"column":8},"end":{"line":115,"column":41}},"40":{"start":{"line":119,"column":6},"end":{"line":119,"column":34}},"41":{"start":{"line":122,"column":6},"end":{"line":122,"column":27}},"42":{"start":{"line":129,"column":6},"end":{"line":129,"column":54}},"43":{"start":{"line":130,"column":6},"end":{"line":130,"column":31}},"44":{"start":{"line":137,"column":6},"end":{"line":137,"column":15}},"45":{"start":{"line":140,"column":6},"end":{"line":140,"column":24}},"46":{"start":{"line":142,"column":6},"end":{"line":146,"column":9}},"47":{"start":{"line":143,"column":8},"end":{"line":145,"column":9}},"48":{"start":{"line":144,"column":10},"end":{"line":144,"column":41}},"49":{"start":{"line":152,"column":6},"end":{"line":152,"column":40}},"50":{"start":{"line":157,"column":6},"end":{"line":157,"column":28}},"51":{"start":{"line":157,"column":19},"end":{"line":157,"column":26}},"52":{"start":{"line":159,"column":6},"end":{"line":160,"column":32}},"53":{"start":{"line":162,"column":6},"end":{"line":165,"column":7}},"54":{"start":{"line":163,"column":8},"end":{"line":163,"column":24}},"55":{"start":{"line":164,"column":8},"end":{"line":164,"column":23}},"56":{"start":{"line":174,"column":2},"end":{"line":177,"column":43}},"57":{"start":{"line":179,"column":2},"end":{"line":185,"column":5}},"58":{"start":{"line":180,"column":4},"end":{"line":184,"column":6}},"59":{"start":{"line":181,"column":6},"end":{"line":181,"column":40}},"60":{"start":{"line":182,"column":6},"end":{"line":182,"column":54}},"61":{"start":{"line":183,"column":6},"end":{"line":183,"column":38}},"62":{"start":{"line":188,"column":2},"end":{"line":188,"column":19}}},"branchMap":{"1":{"line":38,"type":"if","locations":[{"start":{"line":38,"column":6},"end":{"line":38,"column":6}},{"start":{"line":38,"column":6},"end":{"line":38,"column":6}}]},"2":{"line":43,"type":"if","locations":[{"start":{"line":43,"column":6},"end":{"line":43,"column":6}},{"start":{"line":43,"column":6},"end":{"line":43,"column":6}}]},"3":{"line":48,"type":"if","locations":[{"start":{"line":48,"column":6},"end":{"line":48,"column":6}},{"start":{"line":48,"column":6},"end":{"line":48,"column":6}}]},"4":{"line":93,"type":"if","locations":[{"start":{"line":93,"column":6},"end":{"line":93,"column":6}},{"start":{"line":93,"column":6},"end":{"line":93,"column":6}}]},"5":{"line":98,"type":"if","locations":[{"start":{"line":98,"column":6},"end":{"line":98,"column":6}},{"start":{"line":98,"column":6},"end":{"line":98,"column":6}}]},"6":{"line":106,"type":"if","locations":[{"start":{"line":106,"column":8},"end":{"line":106,"column":8}},{"start":{"line":106,"column":8},"end":{"line":106,"column":8}}]},"7":{"line":107,"type":"if","locations":[{"start":{"line":107,"column":10},"end":{"line":107,"column":10}},{"start":{"line":107,"column":10},"end":{"line":107,"column":10}}]},"8":{"line":114,"type":"if","locations":[{"start":{"line":114,"column":6},"end":{"line":114,"column":6}},{"start":{"line":114,"column":6},"end":{"line":114,"column":6}}]},"9":{"line":140,"type":"binary-expr","locations":[{"start":{"line":140,"column":13},"end":{"line":140,"column":17}},{"start":{"line":140,"column":21},"end":{"line":140,"column":23}}]},"10":{"line":143,"type":"if","locations":[{"start":{"line":143,"column":8},"end":{"line":143,"column":8}},{"start":{"line":143,"column":8},"end":{"line":143,"column":8}}]},"11":{"line":157,"type":"if","locations":[{"start":{"line":157,"column":6},"end":{"line":157,"column":6}},{"start":{"line":157,"column":6},"end":{"line":157,"column":6}}]}}}}