{"./src/amd.js":{"path":"./src/amd.js","s":{"1":1,"2":1,"3":0,"4":0,"5":0,"6":1,"7":0,"8":0,"9":0},"b":{"1":[0,1],"2":[0,1],"3":[1,0]},"f":{"1":1,"2":0},"fnMap":{"1":{"name":"(anonymous_1)","line":1,"loc":{"start":{"line":1,"column":1},"end":{"line":1,"column":26}}},"2":{"name":"(anonymous_2)","line":14,"loc":{"start":{"line":14,"column":8},"end":{"line":14,"column":31}}}},"statementMap":{"1":{"start":{"line":1,"column":0},"end":{"line":20,"column":4}},"2":{"start":{"line":2,"column":2},"end":{"line":13,"column":3}},"3":{"start":{"line":4,"column":4},"end":{"line":4,"column":43}},"4":{"start":{"line":5,"column":4},"end":{"line":5,"column":39}},"5":{"start":{"line":7,"column":4},"end":{"line":7,"column":51}},"6":{"start":{"line":9,"column":9},"end":{"line":13,"column":3}},"7":{"start":{"line":11,"column":4},"end":{"line":11,"column":48}},"8":{"start":{"line":15,"column":2},"end":{"line":15,"column":18}},"9":{"start":{"line":18,"column":2},"end":{"line":18,"column":37}}},"branchMap":{"1":{"line":2,"type":"if","locations":[{"start":{"line":2,"column":2},"end":{"line":2,"column":2}},{"start":{"line":2,"column":2},"end":{"line":2,"column":2}}]},"2":{"line":9,"type":"if","locations":[{"start":{"line":9,"column":9},"end":{"line":9,"column":9}},{"start":{"line":9,"column":9},"end":{"line":9,"column":9}}]},"3":{"line":9,"type":"binary-expr","locations":[{"start":{"line":9,"column":13},"end":{"line":9,"column":41}},{"start":{"line":9,"column":45},"end":{"line":9,"column":55}}]}}},"./src/childviewcontainer.js":{"path":"./src/childviewcontainer.js","s":{"1":1,"2":1,"3":21,"4":21,"5":21,"6":21,"7":21,"8":21,"9":1,"10":28,"11":28,"12":28,"13":8,"14":28,"15":8,"16":28,"17":8,"18":28,"19":4,"20":4,"21":4,"22":4,"23":4,"24":2,"25":2,"26":3,"27":14,"28":5,"29":5,"30":5,"31":5,"32":5,"33":5,"34":5,"35":5,"36":5,"37":5,"38":5,"39":3,"40":5,"41":10,"42":9,"43":54,"44":1,"45":1,"46":23,"47":2,"48":2,"49":2,"50":1},"b":{"1":[8,20],"2":[8,20],"3":[8,20],"4":[5,0],"5":[5,0],"6":[5,0],"7":[9,1],"8":[9,0]},"f":{"1":1,"2":21,"3":28,"4":4,"5":4,"6":4,"7":2,"8":3,"9":14,"10":5,"11":5,"12":3,"13":5,"14":10,"15":54,"16":23,"17":2},"fnMap":{"1":{"name":"(anonymous_1)","line":7,"loc":{"start":{"line":7,"column":31},"end":{"line":7,"column":52}}},"2":{"name":"(anonymous_2)","line":12,"loc":{"start":{"line":12,"column":18},"end":{"line":12,"column":33}}},"3":{"name":"(anonymous_3)","line":31,"loc":{"start":{"line":31,"column":9},"end":{"line":31,"column":36}}},"4":{"name":"(anonymous_4)","line":57,"loc":{"start":{"line":57,"column":17},"end":{"line":57,"column":32}}},"5":{"name":"(anonymous_5)","line":64,"loc":{"start":{"line":64,"column":20},"end":{"line":64,"column":38}}},"6":{"name":"(anonymous_6)","line":73,"loc":{"start":{"line":73,"column":22},"end":{"line":73,"column":35}}},"7":{"name":"(anonymous_7)","line":79,"loc":{"start":{"line":79,"column":18},"end":{"line":79,"column":33}}},"8":{"name":"(anonymous_8)","line":86,"loc":{"start":{"line":86,"column":17},"end":{"line":86,"column":32}}},"9":{"name":"(anonymous_9)","line":91,"loc":{"start":{"line":91,"column":15},"end":{"line":91,"column":28}}},"10":{"name":"(anonymous_10)","line":96,"loc":{"start":{"line":96,"column":12},"end":{"line":96,"column":26}}},"11":{"name":"(anonymous_11)","line":110,"loc":{"start":{"line":110,"column":33},"end":{"line":110,"column":52}}},"12":{"name":"(anonymous_12)","line":127,"loc":{"start":{"line":127,"column":10},"end":{"line":127,"column":26}}},"13":{"name":"(anonymous_13)","line":134,"loc":{"start":{"line":134,"column":11},"end":{"line":134,"column":33}}},"14":{"name":"(anonymous_14)","line":135,"loc":{"start":{"line":135,"column":26},"end":{"line":135,"column":40}}},"15":{"name":"(anonymous_15)","line":143,"loc":{"start":{"line":143,"column":19},"end":{"line":143,"column":29}}},"16":{"name":"(anonymous_16)","line":158,"loc":{"start":{"line":158,"column":18},"end":{"line":158,"column":35}}},"17":{"name":"(anonymous_17)","line":159,"loc":{"start":{"line":159,"column":34},"end":{"line":159,"column":45}}}},"statementMap":{"1":{"start":{"line":7,"column":0},"end":{"line":168,"column":16}},"2":{"start":{"line":12,"column":2},"end":{"line":20,"column":4}},"3":{"start":{"line":13,"column":4},"end":{"line":13,"column":21}},"4":{"start":{"line":14,"column":4},"end":{"line":14,"column":28}},"5":{"start":{"line":15,"column":4},"end":{"line":15,"column":33}},"6":{"start":{"line":16,"column":4},"end":{"line":16,"column":29}},"7":{"start":{"line":17,"column":4},"end":{"line":17,"column":25}},"8":{"start":{"line":19,"column":4},"end":{"line":19,"column":34}},"9":{"start":{"line":25,"column":2},"end":{"line":146,"column":5}},"10":{"start":{"line":32,"column":6},"end":{"line":32,"column":29}},"11":{"start":{"line":35,"column":6},"end":{"line":35,"column":34}},"12":{"start":{"line":38,"column":6},"end":{"line":40,"column":7}},"13":{"start":{"line":39,"column":8},"end":{"line":39,"column":53}},"14":{"start":{"line":43,"column":6},"end":{"line":45,"column":7}},"15":{"start":{"line":44,"column":8},"end":{"line":44,"column":63}},"16":{"start":{"line":48,"column":6},"end":{"line":50,"column":7}},"17":{"start":{"line":49,"column":8},"end":{"line":49,"column":51}},"18":{"start":{"line":52,"column":6},"end":{"line":52,"column":27}},"19":{"start":{"line":58,"column":6},"end":{"line":58,"column":44}},"20":{"start":{"line":65,"column":6},"end":{"line":65,"column":49}},"21":{"start":{"line":66,"column":6},"end":{"line":66,"column":37}},"22":{"start":{"line":74,"column":6},"end":{"line":74,"column":53}},"23":{"start":{"line":75,"column":6},"end":{"line":75,"column":37}},"24":{"start":{"line":80,"column":6},"end":{"line":80,"column":47}},"25":{"start":{"line":81,"column":6},"end":{"line":81,"column":37}},"26":{"start":{"line":87,"column":6},"end":{"line":87,"column":42}},"27":{"start":{"line":92,"column":6},"end":{"line":92,"column":30}},"28":{"start":{"line":97,"column":6},"end":{"line":97,"column":29}},"29":{"start":{"line":100,"column":6},"end":{"line":102,"column":7}},"30":{"start":{"line":101,"column":8},"end":{"line":101,"column":50}},"31":{"start":{"line":105,"column":6},"end":{"line":107,"column":7}},"32":{"start":{"line":106,"column":8},"end":{"line":106,"column":60}},"33":{"start":{"line":110,"column":6},"end":{"line":115,"column":15}},"34":{"start":{"line":111,"column":8},"end":{"line":114,"column":9}},"35":{"start":{"line":112,"column":10},"end":{"line":112,"column":42}},"36":{"start":{"line":113,"column":10},"end":{"line":113,"column":22}},"37":{"start":{"line":118,"column":6},"end":{"line":118,"column":34}},"38":{"start":{"line":121,"column":6},"end":{"line":121,"column":27}},"39":{"start":{"line":128,"column":6},"end":{"line":128,"column":44}},"40":{"start":{"line":135,"column":6},"end":{"line":139,"column":9}},"41":{"start":{"line":136,"column":8},"end":{"line":138,"column":9}},"42":{"start":{"line":137,"column":10},"end":{"line":137,"column":47}},"43":{"start":{"line":144,"column":6},"end":{"line":144,"column":40}},"44":{"start":{"line":153,"column":2},"end":{"line":156,"column":43}},"45":{"start":{"line":158,"column":2},"end":{"line":164,"column":5}},"46":{"start":{"line":159,"column":4},"end":{"line":163,"column":6}},"47":{"start":{"line":160,"column":6},"end":{"line":160,"column":40}},"48":{"start":{"line":161,"column":6},"end":{"line":161,"column":54}},"49":{"start":{"line":162,"column":6},"end":{"line":162,"column":38}},"50":{"start":{"line":167,"column":2},"end":{"line":167,"column":19}}},"branchMap":{"1":{"line":38,"type":"if","locations":[{"start":{"line":38,"column":6},"end":{"line":38,"column":6}},{"start":{"line":38,"column":6},"end":{"line":38,"column":6}}]},"2":{"line":43,"type":"if","locations":[{"start":{"line":43,"column":6},"end":{"line":43,"column":6}},{"start":{"line":43,"column":6},"end":{"line":43,"column":6}}]},"3":{"line":48,"type":"if","locations":[{"start":{"line":48,"column":6},"end":{"line":48,"column":6}},{"start":{"line":48,"column":6},"end":{"line":48,"column":6}}]},"4":{"line":100,"type":"if","locations":[{"start":{"line":100,"column":6},"end":{"line":100,"column":6}},{"start":{"line":100,"column":6},"end":{"line":100,"column":6}}]},"5":{"line":105,"type":"if","locations":[{"start":{"line":105,"column":6},"end":{"line":105,"column":6}},{"start":{"line":105,"column":6},"end":{"line":105,"column":6}}]},"6":{"line":111,"type":"if","locations":[{"start":{"line":111,"column":8},"end":{"line":111,"column":8}},{"start":{"line":111,"column":8},"end":{"line":111,"column":8}}]},"7":{"line":136,"type":"if","locations":[{"start":{"line":136,"column":8},"end":{"line":136,"column":8}},{"start":{"line":136,"column":8},"end":{"line":136,"column":8}}]},"8":{"line":137,"type":"binary-expr","locations":[{"start":{"line":137,"column":35},"end":{"line":137,"column":39}},{"start":{"line":137,"column":43},"end":{"line":137,"column":45}}]}}}}